2024-06-23 15:06:964 INFO  HomePage :25 - Clicking on login link : [[ChromeDriver: chrome on windows (99d61b8b3918f0951cd3b704c5c784b3)] -> link text: Log in]
2024-06-23 15:06:118 INFO  LoginPage :35 - Getting text from : [[ChromeDriver: chrome on windows (99d61b8b3918f0951cd3b704c5c784b3)] -> xpath: //h1[normalize-space()='Welcome, Please Sign In!']]
2024-06-23 15:06:505 INFO  HomePage :25 - Clicking on login link : [[ChromeDriver: chrome on windows (a333d4f0ec9a9cbc0e9c00632aa76382)] -> link text: Log in]
2024-06-23 15:06:669 INFO  LoginPage :35 - Getting text from : [[ChromeDriver: chrome on windows (a333d4f0ec9a9cbc0e9c00632aa76382)] -> xpath: //h1[normalize-space()='Welcome, Please Sign In!']]
2024-06-23 16:06:346 INFO  HomePage :25 - Clicking on login link : [[ChromeDriver: chrome on windows (b103c2d45e5532b26a766ba01acfd21d)] -> link text: Log in]
2024-06-23 16:06:436 INFO  LoginPage :35 - Getting text from : [[ChromeDriver: chrome on windows (b103c2d45e5532b26a766ba01acfd21d)] -> xpath: //h1[normalize-space()='Welcome, Please Sign In!']]
2024-06-23 16:06:886 INFO  HomePage :25 - Clicking on login link : [[ChromeDriver: chrome on windows (cfe64dc6740c55c9dbf7dcdeb47ff470)] -> link text: Log in]
2024-06-23 16:06:958 INFO  LoginPage :40 - Getting text from : [[ChromeDriver: chrome on windows (cfe64dc6740c55c9dbf7dcdeb47ff470)] -> id: Email]
2024-06-23 16:06:160 INFO  LoginPage :44 - Getting text from : [[ChromeDriver: chrome on windows (cfe64dc6740c55c9dbf7dcdeb47ff470)] -> name: Password]
2024-06-23 16:06:313 INFO  LoginPage :48 - click on login : [[ChromeDriver: chrome on windows (cfe64dc6740c55c9dbf7dcdeb47ff470)] -> xpath: //button[contains(text(),'Log in')]]
2024-06-23 16:06:764 INFO  LoginPage :52 - Getting text from : [[ChromeDriver: chrome on windows (cfe64dc6740c55c9dbf7dcdeb47ff470)] -> xpath: //div[@class='message-error validation-summary-errors']]
2024-06-23 16:06:628 INFO  HomePage :25 - Clicking on login link : [[ChromeDriver: chrome on windows (4a88e2ceb9da23b668345f957b68a08c)] -> link text: Log in]
2024-06-23 16:06:788 INFO  LoginPage :39 - Getting text from : [[ChromeDriver: chrome on windows (4a88e2ceb9da23b668345f957b68a08c)] -> xpath: //h1[normalize-space()='Welcome, Please Sign In!']]
2024-06-23 16:06:647 INFO  HomePage :25 - Clicking on login link : [[ChromeDriver: chrome on windows (85bf399133cd8f93b2d4b8c98c0da8e3)] -> link text: Log in]
2024-06-23 16:06:777 INFO  LoginPage :44 - Getting text from : [[ChromeDriver: chrome on windows (85bf399133cd8f93b2d4b8c98c0da8e3)] -> id: Email]
2024-06-23 16:06:92 INFO  LoginPage :48 - Getting text from : [[ChromeDriver: chrome on windows (85bf399133cd8f93b2d4b8c98c0da8e3)] -> name: Password]
2024-06-23 16:06:290 INFO  LoginPage :52 - click on login : [[ChromeDriver: chrome on windows (85bf399133cd8f93b2d4b8c98c0da8e3)] -> xpath: //button[contains(text(),'Log in')]]
2024-06-23 16:06:735 INFO  LoginPage :56 - Getting text from : [[ChromeDriver: chrome on windows (85bf399133cd8f93b2d4b8c98c0da8e3)] -> xpath: //div[@class='message-error validation-summary-errors']]
2024-06-23 16:06:182 INFO  HomePage :25 - Clicking on login link : [[ChromeDriver: chrome on windows (b2244e6a8ee8ddbb7cccbe01ebf01549)] -> link text: Log in]
2024-06-23 16:06:245 INFO  LoginPage :44 - Getting text from : [[ChromeDriver: chrome on windows (b2244e6a8ee8ddbb7cccbe01ebf01549)] -> id: Email]
2024-06-23 16:06:424 INFO  LoginPage :48 - Getting text from : [[ChromeDriver: chrome on windows (b2244e6a8ee8ddbb7cccbe01ebf01549)] -> name: Password]
2024-06-23 16:06:594 INFO  LoginPage :52 - click on login : [[ChromeDriver: chrome on windows (b2244e6a8ee8ddbb7cccbe01ebf01549)] -> xpath: //button[contains(text(),'Log in')]]
2024-06-23 16:06:683 INFO  HomePage :25 - Clicking on login link : [[ChromeDriver: chrome on windows (26fb16103231f78f2c17e47ddb7f4fd5)] -> link text: Log in]
2024-06-23 16:06:818 INFO  LoginPage :39 - Getting text from : [[ChromeDriver: chrome on windows (26fb16103231f78f2c17e47ddb7f4fd5)] -> xpath: //h1[normalize-space()='Welcome, Please Sign In!']]
2024-06-23 16:06:421 INFO  HomePage :25 - Clicking on login link : [[ChromeDriver: chrome on windows (98ae137180ff5aaa88111fd538a98bae)] -> link text: Log in]
2024-06-23 16:06:485 INFO  LoginPage :44 - Getting text from : [[ChromeDriver: chrome on windows (98ae137180ff5aaa88111fd538a98bae)] -> id: Email]
2024-06-23 16:06:711 INFO  LoginPage :48 - Getting text from : [[ChromeDriver: chrome on windows (98ae137180ff5aaa88111fd538a98bae)] -> name: Password]
2024-06-23 16:06:857 INFO  LoginPage :52 - click on login : [[ChromeDriver: chrome on windows (98ae137180ff5aaa88111fd538a98bae)] -> xpath: //button[contains(text(),'Log in')]]
2024-06-23 16:06:669 INFO  LoginPage :56 - Getting text from : Proxy element for: DefaultElementLocator 'By.xpath: //div[@class='message-error validation-summary-errors']'
2024-06-23 16:06:536 INFO  HomePage :25 - Clicking on login link : [[ChromeDriver: chrome on windows (c0f5747993c0b0e430cc7a107bdc2ae5)] -> link text: Log in]
2024-06-23 16:06:631 INFO  LoginPage :44 - Getting text from : [[ChromeDriver: chrome on windows (c0f5747993c0b0e430cc7a107bdc2ae5)] -> id: Email]
2024-06-23 16:06:909 INFO  LoginPage :48 - Getting text from : [[ChromeDriver: chrome on windows (c0f5747993c0b0e430cc7a107bdc2ae5)] -> name: Password]
2024-06-23 16:06:166 INFO  LoginPage :52 - click on login : [[ChromeDriver: chrome on windows (c0f5747993c0b0e430cc7a107bdc2ae5)] -> xpath: //button[contains(text(),'Log in')]]
2024-06-23 16:06:292 INFO  HomePage :25 - Clicking on login link : [[ChromeDriver: chrome on windows (586c408a3bdb8ba079922a634fe0a608)] -> link text: Log in]
2024-06-23 16:06:471 INFO  LoginPage :44 - Getting text from : [[ChromeDriver: chrome on windows (586c408a3bdb8ba079922a634fe0a608)] -> id: Email]
2024-06-23 16:06:749 INFO  LoginPage :48 - Getting text from : [[ChromeDriver: chrome on windows (586c408a3bdb8ba079922a634fe0a608)] -> name: Password]
2024-06-23 16:06:920 INFO  LoginPage :52 - click on login : [[ChromeDriver: chrome on windows (586c408a3bdb8ba079922a634fe0a608)] -> xpath: //button[contains(text(),'Log in')]]
2024-06-23 16:06:800 INFO  HomePage :25 - Clicking on login link : [[ChromeDriver: chrome on windows (5b6d28a523b9703e2a1f6b733479c945)] -> link text: Log in]
2024-06-23 16:06:38 INFO  LoginPage :44 - Getting text from : [[ChromeDriver: chrome on windows (5b6d28a523b9703e2a1f6b733479c945)] -> id: Email]
2024-06-23 16:06:382 INFO  LoginPage :48 - Getting text from : [[ChromeDriver: chrome on windows (5b6d28a523b9703e2a1f6b733479c945)] -> name: Password]
2024-06-23 16:06:607 INFO  LoginPage :52 - click on login : [[ChromeDriver: chrome on windows (5b6d28a523b9703e2a1f6b733479c945)] -> xpath: //button[contains(text(),'Log in')]]
2024-06-23 16:06:198 INFO  LoginPage :60 - verify log out linkProxy element for: DefaultElementLocator 'By.xpath: //a[contains(text(),'Log out')]'
2024-06-23 16:06:341 INFO  HomePage :25 - Clicking on login link : [[ChromeDriver: chrome on windows (2e50c29ac7766c5df1148305f388c3a2)] -> link text: Log in]
2024-06-23 16:06:569 INFO  LoginPage :44 - Getting text from : [[ChromeDriver: chrome on windows (2e50c29ac7766c5df1148305f388c3a2)] -> id: Email]
2024-06-23 16:06:871 INFO  LoginPage :48 - Getting text from : [[ChromeDriver: chrome on windows (2e50c29ac7766c5df1148305f388c3a2)] -> name: Password]
2024-06-23 16:06:79 INFO  LoginPage :52 - click on login : [[ChromeDriver: chrome on windows (2e50c29ac7766c5df1148305f388c3a2)] -> xpath: //button[contains(text(),'Log in')]]
2024-06-23 16:06:659 INFO  LoginPage :60 - verify log out linkProxy element for: DefaultElementLocator 'By.xpath: //a[normalize-space()='Log out']'
2024-06-23 16:06:227 INFO  HomePage :25 - Clicking on login link : [[ChromeDriver: chrome on windows (c1da116471a12127113bb529dd595472)] -> link text: Log in]
2024-06-23 16:06:414 INFO  LoginPage :44 - Getting text from : [[ChromeDriver: chrome on windows (c1da116471a12127113bb529dd595472)] -> id: Email]
2024-06-23 16:06:713 INFO  LoginPage :48 - Getting text from : [[ChromeDriver: chrome on windows (c1da116471a12127113bb529dd595472)] -> name: Password]
2024-06-23 16:06:926 INFO  LoginPage :52 - click on login : [[ChromeDriver: chrome on windows (c1da116471a12127113bb529dd595472)] -> xpath: //button[contains(text(),'Log in')]]
2024-06-23 16:06:494 INFO  LoginPage :60 - verify log out linkProxy element for: DefaultElementLocator 'By.xpath: //a[contains(text(),'Log out')]'
2024-06-23 16:06:186 INFO  HomePage :25 - Clicking on login link : [[ChromeDriver: chrome on windows (f100e2fce996ed2558a0954e2ecb2fc8)] -> link text: Log in]
2024-06-23 16:06:370 INFO  LoginPage :44 - Getting text from : [[ChromeDriver: chrome on windows (f100e2fce996ed2558a0954e2ecb2fc8)] -> id: Email]
2024-06-23 16:06:669 INFO  LoginPage :48 - Getting text from : [[ChromeDriver: chrome on windows (f100e2fce996ed2558a0954e2ecb2fc8)] -> name: Password]
2024-06-23 16:06:910 INFO  LoginPage :52 - click on login : [[ChromeDriver: chrome on windows (f100e2fce996ed2558a0954e2ecb2fc8)] -> xpath: //button[contains(text(),'Log in')]]
2024-06-23 16:06:571 INFO  LoginPage :60 - verify log out linkProxy element for: DefaultElementLocator 'By.xpath: //a[contains(text(),'Log out')]'
2024-06-23 16:06:680 INFO  HomePage :25 - Clicking on login link : [[ChromeDriver: chrome on windows (d873e4adb245dac2a6b718e590879177)] -> link text: Log in]
2024-06-23 16:06:838 INFO  LoginPage :44 - Getting text from : [[ChromeDriver: chrome on windows (d873e4adb245dac2a6b718e590879177)] -> id: Email]
2024-06-23 16:06:107 INFO  LoginPage :48 - Getting text from : [[ChromeDriver: chrome on windows (d873e4adb245dac2a6b718e590879177)] -> name: Password]
2024-06-23 16:06:327 INFO  LoginPage :52 - click on login : [[ChromeDriver: chrome on windows (d873e4adb245dac2a6b718e590879177)] -> xpath: //button[contains(text(),'Log in')]]
2024-06-23 16:06:180 INFO  LoginPage :60 - verify log out link[[ChromeDriver: chrome on windows (d873e4adb245dac2a6b718e590879177)] -> xpath: //a[contains(text(),'Log out')]]
2024-06-23 17:06:320 INFO  HomePage :23 - Clicking on login link : [[ChromeDriver: chrome on windows (087b2f42b1308b76bcae9b2dab6ee61a)] -> link text: Log in]
2024-06-23 17:06:562 INFO  LoginPage :46 - Getting text from : [[ChromeDriver: chrome on windows (087b2f42b1308b76bcae9b2dab6ee61a)] -> id: Email]
2024-06-23 17:06:882 INFO  LoginPage :50 - Getting text from : [[ChromeDriver: chrome on windows (087b2f42b1308b76bcae9b2dab6ee61a)] -> name: Password]
2024-06-23 17:06:146 INFO  LoginPage :54 - click on login : [[ChromeDriver: chrome on windows (087b2f42b1308b76bcae9b2dab6ee61a)] -> xpath: //button[contains(text(),'Log in')]]
2024-06-23 17:06:155 INFO  HomePage :26 - Clicking on login link : [[ChromeDriver: chrome on windows (9529b7e3bdfa45aded126a70090925d9)] -> link text: Log in]
2024-06-23 17:06:315 INFO  LoginPage :46 - Getting text from : [[ChromeDriver: chrome on windows (9529b7e3bdfa45aded126a70090925d9)] -> id: Email]
2024-06-23 17:06:601 INFO  LoginPage :50 - Getting text from : [[ChromeDriver: chrome on windows (9529b7e3bdfa45aded126a70090925d9)] -> name: Password]
2024-06-23 17:06:860 INFO  LoginPage :54 - click on login : [[ChromeDriver: chrome on windows (9529b7e3bdfa45aded126a70090925d9)] -> xpath: //button[contains(text(),'Log in')]]
2024-06-23 17:06:238 INFO  HomePage :35 - Clicking on register link : [[ChromeDriver: chrome on windows (a14e061797c5b0bfcdf300d358917cfd)] -> link text: Register]
2024-06-23 17:06:954 INFO  HomePage :35 - Clicking on register link : [[ChromeDriver: chrome on windows (432f4d47717c3ce5cdfe83b6643b6ff4)] -> link text: Register]
2024-06-23 18:06:288 INFO  HomePage :35 - Clicking on register link : [[ChromeDriver: chrome on windows (3ee04d40bfee734ff7fdbff6ac6f1c2e)] -> link text: Register]
2024-06-23 18:06:705 INFO  HomePage :35 - Clicking on register link : [[ChromeDriver: chrome on windows (f849a4f4c469db2d9d919bf63bffbe0c)] -> link text: Register]
2024-06-23 18:06:896 INFO  LoginPage :20 - verify register text[[ChromeDriver: chrome on windows (f849a4f4c469db2d9d919bf63bffbe0c)] -> xpath: //h1[normalize-space()='Register']]
2024-06-23 18:06:11 INFO  HomePage :35 - Clicking on register link : [[ChromeDriver: chrome on windows (f4feca56bf363eaebacfd0acf50251ab)] -> link text: Register]
2024-06-23 18:06:283 INFO  LoginPage :28 - verify register text[[ChromeDriver: chrome on windows (f4feca56bf363eaebacfd0acf50251ab)] -> xpath: //h1[normalize-space()='Register']]
2024-06-23 18:06:114 INFO  HomePage :35 - Clicking on register link : [[ChromeDriver: chrome on windows (c1ac371b754ea2276efd70018334239a)] -> link text: Register]
2024-06-23 18:06:305 INFO  LoginPage :32 - click on  register button[[ChromeDriver: chrome on windows (c1ac371b754ea2276efd70018334239a)] -> xpath: //button[@id='register-button']]
2024-06-23 18:06:478 INFO  LoginPage :36 - verify first error  text[[ChromeDriver: chrome on windows (c1ac371b754ea2276efd70018334239a)] -> xpath: //span[@id='FirstName-error']]
2024-06-23 18:06:226 INFO  HomePage :35 - Clicking on register link : [[ChromeDriver: chrome on windows (6bbab045c6f5727849ffad1084e8f0b2)] -> link text: Register]
2024-06-23 18:06:409 INFO  LoginPage :43 - click on  register button[[ChromeDriver: chrome on windows (6bbab045c6f5727849ffad1084e8f0b2)] -> xpath: //button[@id='register-button']]
2024-06-23 18:06:582 INFO  LoginPage :48 - verify first error  text[[ChromeDriver: chrome on windows (6bbab045c6f5727849ffad1084e8f0b2)] -> xpath: //span[@id='FirstName-error']]
2024-06-23 18:06:631 INFO  LoginPage :52 - verify first error  text[[ChromeDriver: chrome on windows (6bbab045c6f5727849ffad1084e8f0b2)] -> xpath: //span[@id='LastName-error']]
2024-06-23 18:06:673 INFO  LoginPage :56 - verify first error  text[[ChromeDriver: chrome on windows (6bbab045c6f5727849ffad1084e8f0b2)] -> xpath: //span[@id='Email-error']]
2024-06-23 18:06:408 INFO  HomePage :35 - Clicking on register link : [[ChromeDriver: chrome on windows (48035edf270507b87865513fe35ef7f6)] -> link text: Register]
2024-06-23 18:06:620 INFO  LoginPage :43 - click on  register button[[ChromeDriver: chrome on windows (48035edf270507b87865513fe35ef7f6)] -> xpath: //button[@id='register-button']]
2024-06-23 18:06:795 INFO  LoginPage :48 - verify first error  text[[ChromeDriver: chrome on windows (48035edf270507b87865513fe35ef7f6)] -> xpath: //span[@id='FirstName-error']]
2024-06-23 18:06:886 INFO  LoginPage :52 - verify first error  text[[ChromeDriver: chrome on windows (48035edf270507b87865513fe35ef7f6)] -> xpath: //span[@id='LastName-error']]
2024-06-23 18:06:953 INFO  LoginPage :56 - verify first error  text[[ChromeDriver: chrome on windows (48035edf270507b87865513fe35ef7f6)] -> xpath: //span[@id='Email-error']]
2024-06-23 18:06:07 INFO  LoginPage :60 - verify first error  text[[ChromeDriver: chrome on windows (48035edf270507b87865513fe35ef7f6)] -> xpath: //span[@id='ConfirmPassword-error']]
2024-06-23 19:06:340 INFO  HomePage :35 - Clicking on register link : [[ChromeDriver: chrome on windows (83a16a41885bbafc57f1ff39d028d84b)] -> link text: Register]
2024-06-23 23:06:389 INFO  ComputerPage :31 - click on comp. tab : [[ChromeDriver: chrome on windows (cef4479ceed007d7f48dfdf1cbcbb576)] -> xpath: //ul[@class='top-menu notmobile']//a[normalize-space()='Computers']]
2024-06-23 23:06:134 INFO  ComputerPage :35 - verify computer text[[ChromeDriver: chrome on windows (cef4479ceed007d7f48dfdf1cbcbb576)] -> xpath: //h1[normalize-space()='Computers']]
2024-06-24 14:06:134 INFO  ComputerPage :31 - click on comp. tab : [[ChromeDriver: chrome on windows (9c2716192fc0cd8e6f6fb8092f49fc25)] -> xpath: //ul[@class='top-menu notmobile']//a[normalize-space()='Computers']]
2024-06-24 14:06:786 INFO  ComputerPage :35 - verify computer text[[ChromeDriver: chrome on windows (9c2716192fc0cd8e6f6fb8092f49fc25)] -> xpath: //h1[normalize-space()='Computers']]
2024-06-24 17:06:489 INFO  ComputerPage :35 - click on comp. tab : [[ChromeDriver: chrome on windows (88745c0de1748fbbb0787dd2a7c53948)] -> xpath: //ul[@class='top-menu notmobile']//a[normalize-space()='Computers']]
2024-06-24 17:06:607 INFO  ComputerPage :35 - click on comp. tab : [[ChromeDriver: chrome on windows (1cdd7e19c9bb17b842d6d92a02495481)] -> xpath: //ul[@class='top-menu notmobile']//a[normalize-space()='Computers']]
2024-06-24 17:06:983 INFO  ComputerPage :35 - click on comp. tab : [[ChromeDriver: chrome on windows (b4fc0eb76c38faa3da116f02f39e31b1)] -> xpath: //ul[@class='top-menu notmobile']//a[normalize-space()='Computers']]
2024-06-24 17:06:317 INFO  ComputerPage :35 - click on comp. tab : [[ChromeDriver: chrome on windows (7b16983c0be37807fe44e5bb33dc52f2)] -> xpath: //ul[@class='top-menu notmobile']//a[normalize-space()='Computers']]
2024-06-24 17:06:239 INFO  ComputerPage :35 - click on comp. tab : [[ChromeDriver: chrome on windows (d91e0174b88360c19b73ca6f781d00b4)] -> xpath: //ul[@class='top-menu notmobile']//a[normalize-space()='Computers']]
2024-06-24 17:06:586 INFO  ComputerPage :35 - click on comp. tab : [[ChromeDriver: chrome on windows (dc99278f96f91218ddc12cdcfd89b64f)] -> xpath: //ul[@class='top-menu notmobile']//a[normalize-space()='Computers']]
2024-06-24 18:06:837 INFO  ComputerPage :35 - click on comp. tab : [[ChromeDriver: chrome on windows (92fbe0f78e1cd9f55fffe4da26de7398)] -> xpath: //ul[@class='top-menu notmobile']//a[normalize-space()='Computers']]
2024-06-24 18:06:986 INFO  ComputerPage :35 - click on comp. tab : [[ChromeDriver: chrome on windows (55eaab72d7e52e7ae451d79308818c74)] -> xpath: //ul[@class='top-menu notmobile']//a[normalize-space()='Computers']]
2024-06-24 18:06:728 INFO  ComputerPage :35 - click on comp. tab : [[ChromeDriver: chrome on windows (eb3036f1cd00fbe3ef62f34cd471d739)] -> xpath: //ul[@class='top-menu notmobile']//a[normalize-space()='Computers']]
2024-06-24 19:06:230 INFO  ComputerPage :35 - click on comp. tab : [[ChromeDriver: chrome on windows (c576d09aa7c4d0f48f53497d41a130b6)] -> xpath: //ul[@class='top-menu notmobile']//a[normalize-space()='Computers']]
2024-06-24 19:06:117 INFO  ComputerPage :35 - click on comp. tab : [[ChromeDriver: chrome on windows (adc4f23991c851ca62df4520035f9ee3)] -> xpath: //ul[@class='top-menu notmobile']//a[normalize-space()='Computers']]
2024-06-24 19:06:799 INFO  ComputerPage :35 - click on comp. tab : [[ChromeDriver: chrome on windows (13791edc3e0d198f6572f918d18606e9)] -> xpath: //ul[@class='top-menu notmobile']//a[normalize-space()='Computers']]
2024-06-24 19:06:547 INFO  ComputerPage :35 - click on comp. tab : [[ChromeDriver: chrome on windows (5b1f3c390d4f64332756de643416c5b3)] -> xpath: //ul[@class='top-menu notmobile']//a[normalize-space()='Computers']]
2024-06-24 19:06:445 INFO  ComputerPage :35 - click on comp. tab : [[ChromeDriver: chrome on windows (62fc51582de79dcb9e18433a86e1d7b5)] -> xpath: //ul[@class='top-menu notmobile']//a[normalize-space()='Computers']]
2024-06-24 19:06:756 INFO  ComputerPage :35 - click on comp. tab : [[ChromeDriver: chrome on windows (a1cae418f1d1c2fb3ea165e6926a6d5c)] -> xpath: //ul[@class='top-menu notmobile']//a[normalize-space()='Computers']]
2024-06-24 19:06:350 INFO  ComputerPage :35 - click on comp. tab : [[ChromeDriver: chrome on windows (b8647b5269c9a78dd16222640675d3a9)] -> xpath: //ul[@class='top-menu notmobile']//a[normalize-space()='Computers']]
2024-06-24 19:06:960 INFO  ComputerPage :35 - click on comp. tab : [[ChromeDriver: chrome on windows (f902e2a86b039ee6cf0cec09a3679444)] -> xpath: //ul[@class='top-menu notmobile']//a[normalize-space()='Computers']]
2024-06-24 19:06:691 INFO  ComputerPage :35 - click on comp. tab : [[ChromeDriver: chrome on windows (5880a03550e2c13a6f983c716f09f996)] -> xpath: //ul[@class='top-menu notmobile']//a[normalize-space()='Computers']]
2024-06-24 19:06:782 INFO  ComputerPage :35 - click on comp. tab : [[ChromeDriver: chrome on windows (16c7226dc1bce845edad7bbf7708b23c)] -> xpath: //ul[@class='top-menu notmobile']//a[normalize-space()='Computers']]
2024-06-24 19:06:734 INFO  ComputerPage :35 - click on comp. tab : [[ChromeDriver: chrome on windows (aacf264b8a82e5b48cdacbc77c7b544f)] -> xpath: //ul[@class='top-menu notmobile']//a[normalize-space()='Computers']]
2024-06-24 19:06:76 INFO  ComputerPage :35 - click on comp. tab : [[ChromeDriver: chrome on windows (1df9c17208c427d6602b5f8475b001b2)] -> xpath: //ul[@class='top-menu notmobile']//a[normalize-space()='Computers']]
2024-06-24 21:06:763 INFO  ComputerPage :35 - click on comp. tab : [[ChromeDriver: chrome on windows (6884149325596e351e65c96aa923e142)] -> xpath: //ul[@class='top-menu notmobile']//a[normalize-space()='Computers']]
2024-06-24 21:06:375 INFO  ComputerPage :35 - click on comp. tab : [[ChromeDriver: chrome on windows (d459eb1404d92eb5f6741f3ea04f5e9b)] -> xpath: //ul[@class='top-menu notmobile']//a[normalize-space()='Computers']]
2024-06-24 21:06:619 INFO  ComputerPage :35 - click on comp. tab : [[ChromeDriver: chrome on windows (449f4093b10ddd41957118954a9639ed)] -> xpath: //ul[@class='top-menu notmobile']//a[normalize-space()='Computers']]
2024-06-24 21:06:727 INFO  ComputerPage :35 - click on comp. tab : [[ChromeDriver: chrome on windows (78a96993f0cfb8405fa85377a641f5e1)] -> xpath: //ul[@class='top-menu notmobile']//a[normalize-space()='Computers']]
2024-06-24 21:06:452 INFO  ComputerPage :35 - click on comp. tab : [[ChromeDriver: chrome on windows (c2cb76bea7d7f9d1cc1bcc2e146cbb43)] -> xpath: //ul[@class='top-menu notmobile']//a[normalize-space()='Computers']]
2024-06-24 21:06:483 INFO  ComputerPage :35 - click on comp. tab : [[ChromeDriver: chrome on windows (7a3eb1925d1c5e475d4c993c7a9215d2)] -> xpath: //ul[@class='top-menu notmobile']//a[normalize-space()='Computers']]
2024-06-24 21:06:593 INFO  ComputerPage :35 - click on comp. tab : [[ChromeDriver: chrome on windows (50d295827b660986e869b0282de641cd)] -> xpath: //ul[@class='top-menu notmobile']//a[normalize-space()='Computers']]
2024-06-24 21:06:738 INFO  ComputerPage :35 - click on comp. tab : [[ChromeDriver: chrome on windows (18a9b5f34a5887a0302f21f97623bbe1)] -> xpath: //ul[@class='top-menu notmobile']//a[normalize-space()='Computers']]
2024-06-24 21:06:821 INFO  ComputerPage :35 - click on comp. tab : [[ChromeDriver: chrome on windows (5dcd24e2068d6b782ea4c59f37c86f5f)] -> xpath: //ul[@class='top-menu notmobile']//a[normalize-space()='Computers']]
2024-06-24 21:06:467 INFO  ComputerPage :35 - click on comp. tab : [[ChromeDriver: chrome on windows (86b949c5c60f084c02b50ac02fc00f51)] -> xpath: //ul[@class='top-menu notmobile']//a[normalize-space()='Computers']]
2024-06-24 21:06:602 INFO  ComputerPage :35 - click on comp. tab : [[ChromeDriver: chrome on windows (f568aae881d39d089da99c052262b270)] -> xpath: //ul[@class='top-menu notmobile']//a[normalize-space()='Computers']]
2024-06-24 21:06:489 INFO  ComputerPage :35 - click on comp. tab : [[ChromeDriver: chrome on windows (80b0b2d9326fb8deaf9cf9a596502a72)] -> xpath: //ul[@class='top-menu notmobile']//a[normalize-space()='Computers']]
